<?xml version="1.0" encoding="UTF-8"?>
<!-- Generated by org.testng.reporters.JUnitReportReporter -->
<testsuite hostname="ojt17-PC" name="DriverScript.AppTest" tests="1" failures="0" timestamp="3 Feb 2020 03:44:25 GMT" time="15.123" errors="0">
  <testcase name="starttest" time="15.123" classname="DriverScript.AppTest"/>
</testsuite> <!-- DriverScript.AppTest -->
